<?xml version="1.0" encoding="UTF-8"?>
<testsuite name="com.bureau.jwt.JwtAuthTest" tests="1" skipped="0" failures="0" errors="0" timestamp="2022-04-13T10:51:59" hostname="LAPTOP-L2ADI7AU" time="0.32">
  <properties/>
  <testcase name="userGetCorrectToken()" classname="com.bureau.jwt.JwtAuthTest" time="0.32"/>
  <system-out><![CDATA[2022-04-13 13:51:59.636  INFO 15400 --- [    Test worker] .b.t.c.SpringBootTestContextBootstrapper : Neither @ContextConfiguration nor @ContextHierarchy found for test class [com.bureau.jwt.JwtAuthTest], using SpringBootContextLoader
2022-04-13 13:51:59.638  INFO 15400 --- [    Test worker] o.s.t.c.support.AbstractContextLoader    : Could not detect default resource locations for test class [com.bureau.jwt.JwtAuthTest]: no resource found for suffixes {-context.xml, Context.groovy}.
2022-04-13 13:51:59.638  INFO 15400 --- [    Test worker] t.c.s.AnnotationConfigContextLoaderUtils : Could not detect default configuration classes for test class [com.bureau.jwt.JwtAuthTest]: JwtAuthTest does not declare any static, non-private, non-final, nested classes annotated with @Configuration.
2022-04-13 13:51:59.640  INFO 15400 --- [    Test worker] .b.t.c.SpringBootTestContextBootstrapper : Found @SpringBootConfiguration com.bureau.Application for test class com.bureau.jwt.JwtAuthTest
2022-04-13 13:51:59.642  INFO 15400 --- [    Test worker] .b.t.c.SpringBootTestContextBootstrapper : Loaded default TestExecutionListener class names from location [META-INF/spring.factories]: [org.springframework.boot.test.autoconfigure.restdocs.RestDocsTestExecutionListener, org.springframework.boot.test.autoconfigure.web.client.MockRestServiceServerResetTestExecutionListener, org.springframework.boot.test.autoconfigure.web.servlet.MockMvcPrintOnlyOnFailureTestExecutionListener, org.springframework.boot.test.autoconfigure.web.servlet.WebDriverTestExecutionListener, org.springframework.boot.test.autoconfigure.webservices.client.MockWebServiceServerTestExecutionListener, org.springframework.boot.test.mock.mockito.MockitoTestExecutionListener, org.springframework.boot.test.mock.mockito.ResetMocksTestExecutionListener, org.springframework.test.context.web.ServletTestExecutionListener, org.springframework.test.context.support.DirtiesContextBeforeModesTestExecutionListener, org.springframework.test.context.event.ApplicationEventsTestExecutionListener, org.springframework.test.context.support.DependencyInjectionTestExecutionListener, org.springframework.test.context.support.DirtiesContextTestExecutionListener, org.springframework.test.context.transaction.TransactionalTestExecutionListener, org.springframework.test.context.jdbc.SqlScriptsTestExecutionListener, org.springframework.test.context.event.EventPublishingTestExecutionListener]
2022-04-13 13:51:59.642  INFO 15400 --- [    Test worker] .b.t.c.SpringBootTestContextBootstrapper : Using TestExecutionListeners: [org.springframework.test.context.web.ServletTestExecutionListener@174e9ae8, org.springframework.test.context.support.DirtiesContextBeforeModesTestExecutionListener@3b51cbf7, org.springframework.test.context.event.ApplicationEventsTestExecutionListener@1d4d1621, org.springframework.boot.test.mock.mockito.MockitoTestExecutionListener@7145469, org.springframework.boot.test.autoconfigure.SpringBootDependencyInjectionTestExecutionListener@646e17b9, org.springframework.test.context.support.DirtiesContextTestExecutionListener@515576b0, org.springframework.test.context.transaction.TransactionalTestExecutionListener@245c8ea5, org.springframework.test.context.jdbc.SqlScriptsTestExecutionListener@14e215b, org.springframework.test.context.event.EventPublishingTestExecutionListener@15093d14, org.springframework.boot.test.autoconfigure.restdocs.RestDocsTestExecutionListener@6f9329f3, org.springframework.boot.test.autoconfigure.web.client.MockRestServiceServerResetTestExecutionListener@2f7aab02, org.springframework.boot.test.autoconfigure.web.servlet.MockMvcPrintOnlyOnFailureTestExecutionListener@5fce034f, org.springframework.boot.test.autoconfigure.web.servlet.WebDriverTestExecutionListener@373743f, org.springframework.boot.test.autoconfigure.webservices.client.MockWebServiceServerTestExecutionListener@75591913, org.springframework.boot.test.mock.mockito.ResetMocksTestExecutionListener@f019e01]
]]></system-out>
  <system-err><![CDATA[]]></system-err>
</testsuite>
