<?xml version="1.0" encoding="UTF-8"?>
<testsuite name="com.bureau.service.ProjectTypeServiceTest" tests="4" skipped="0" failures="0" errors="0" timestamp="2022-04-13T10:52:01" hostname="LAPTOP-L2ADI7AU" time="0.269">
  <properties/>
  <testcase name="deleteProjectTypeTest()" classname="com.bureau.service.ProjectTypeServiceTest" time="0.096"/>
  <testcase name="createProjectTypeTest()" classname="com.bureau.service.ProjectTypeServiceTest" time="0.05"/>
  <testcase name="updateProjectTypeTest()" classname="com.bureau.service.ProjectTypeServiceTest" time="0.07"/>
  <testcase name="findByIdTest()" classname="com.bureau.service.ProjectTypeServiceTest" time="0.05"/>
  <system-out><![CDATA[2022-04-13 13:52:01.399  INFO 15400 --- [    Test worker] .b.t.c.SpringBootTestContextBootstrapper : Neither @ContextConfiguration nor @ContextHierarchy found for test class [com.bureau.service.ProjectTypeServiceTest], using SpringBootContextLoader
2022-04-13 13:52:01.401  INFO 15400 --- [    Test worker] o.s.t.c.support.AbstractContextLoader    : Could not detect default resource locations for test class [com.bureau.service.ProjectTypeServiceTest]: no resource found for suffixes {-context.xml, Context.groovy}.
2022-04-13 13:52:01.401  INFO 15400 --- [    Test worker] t.c.s.AnnotationConfigContextLoaderUtils : Could not detect default configuration classes for test class [com.bureau.service.ProjectTypeServiceTest]: ProjectTypeServiceTest does not declare any static, non-private, non-final, nested classes annotated with @Configuration.
2022-04-13 13:52:01.405  INFO 15400 --- [    Test worker] .b.t.c.SpringBootTestContextBootstrapper : Found @SpringBootConfiguration com.bureau.Application for test class com.bureau.service.ProjectTypeServiceTest
2022-04-13 13:52:01.409  INFO 15400 --- [    Test worker] .b.t.c.SpringBootTestContextBootstrapper : Loaded default TestExecutionListener class names from location [META-INF/spring.factories]: [org.springframework.boot.test.autoconfigure.restdocs.RestDocsTestExecutionListener, org.springframework.boot.test.autoconfigure.web.client.MockRestServiceServerResetTestExecutionListener, org.springframework.boot.test.autoconfigure.web.servlet.MockMvcPrintOnlyOnFailureTestExecutionListener, org.springframework.boot.test.autoconfigure.web.servlet.WebDriverTestExecutionListener, org.springframework.boot.test.autoconfigure.webservices.client.MockWebServiceServerTestExecutionListener, org.springframework.boot.test.mock.mockito.MockitoTestExecutionListener, org.springframework.boot.test.mock.mockito.ResetMocksTestExecutionListener, org.springframework.test.context.web.ServletTestExecutionListener, org.springframework.test.context.support.DirtiesContextBeforeModesTestExecutionListener, org.springframework.test.context.event.ApplicationEventsTestExecutionListener, org.springframework.test.context.support.DependencyInjectionTestExecutionListener, org.springframework.test.context.support.DirtiesContextTestExecutionListener, org.springframework.test.context.transaction.TransactionalTestExecutionListener, org.springframework.test.context.jdbc.SqlScriptsTestExecutionListener, org.springframework.test.context.event.EventPublishingTestExecutionListener]
2022-04-13 13:52:01.410  INFO 15400 --- [    Test worker] .b.t.c.SpringBootTestContextBootstrapper : Using TestExecutionListeners: [org.springframework.test.context.web.ServletTestExecutionListener@36477cf, org.springframework.test.context.support.DirtiesContextBeforeModesTestExecutionListener@21775abc, org.springframework.test.context.event.ApplicationEventsTestExecutionListener@19d65f16, org.springframework.boot.test.mock.mockito.MockitoTestExecutionListener@289bb421, org.springframework.boot.test.autoconfigure.SpringBootDependencyInjectionTestExecutionListener@8e164f2, org.springframework.test.context.support.DirtiesContextTestExecutionListener@13d86de8, org.springframework.test.context.transaction.TransactionalTestExecutionListener@385dae6a, org.springframework.test.context.jdbc.SqlScriptsTestExecutionListener@4d923ffc, org.springframework.test.context.event.EventPublishingTestExecutionListener@4ed70448, org.springframework.boot.test.autoconfigure.restdocs.RestDocsTestExecutionListener@1eb08757, org.springframework.boot.test.autoconfigure.web.client.MockRestServiceServerResetTestExecutionListener@4bcb5415, org.springframework.boot.test.autoconfigure.web.servlet.MockMvcPrintOnlyOnFailureTestExecutionListener@177aef4f, org.springframework.boot.test.autoconfigure.web.servlet.WebDriverTestExecutionListener@61f94cac, org.springframework.boot.test.autoconfigure.webservices.client.MockWebServiceServerTestExecutionListener@7be9e5fb, org.springframework.boot.test.mock.mockito.ResetMocksTestExecutionListener@6a937d6f]
]]></system-out>
  <system-err><![CDATA[]]></system-err>
</testsuite>
