<?xml version="1.0" encoding="UTF-8"?>
<testsuite name="com.bureau.service.CityServiceTest" tests="3" skipped="0" failures="0" errors="0" timestamp="2022-04-13T10:52:00" hostname="LAPTOP-L2ADI7AU" time="0.222">
  <properties/>
  <testcase name="getByIdTest()" classname="com.bureau.service.CityServiceTest" time="0.067"/>
  <testcase name="updateCityTest()" classname="com.bureau.service.CityServiceTest" time="0.093"/>
  <testcase name="createCityTest()" classname="com.bureau.service.CityServiceTest" time="0.06"/>
  <system-out><![CDATA[2022-04-13 13:52:00.909  INFO 15400 --- [    Test worker] .b.t.c.SpringBootTestContextBootstrapper : Neither @ContextConfiguration nor @ContextHierarchy found for test class [com.bureau.service.CityServiceTest], using SpringBootContextLoader
2022-04-13 13:52:00.910  INFO 15400 --- [    Test worker] o.s.t.c.support.AbstractContextLoader    : Could not detect default resource locations for test class [com.bureau.service.CityServiceTest]: no resource found for suffixes {-context.xml, Context.groovy}.
2022-04-13 13:52:00.911  INFO 15400 --- [    Test worker] t.c.s.AnnotationConfigContextLoaderUtils : Could not detect default configuration classes for test class [com.bureau.service.CityServiceTest]: CityServiceTest does not declare any static, non-private, non-final, nested classes annotated with @Configuration.
2022-04-13 13:52:00.923  INFO 15400 --- [    Test worker] .b.t.c.SpringBootTestContextBootstrapper : Found @SpringBootConfiguration com.bureau.Application for test class com.bureau.service.CityServiceTest
2022-04-13 13:52:00.927  INFO 15400 --- [    Test worker] .b.t.c.SpringBootTestContextBootstrapper : Loaded default TestExecutionListener class names from location [META-INF/spring.factories]: [org.springframework.boot.test.autoconfigure.restdocs.RestDocsTestExecutionListener, org.springframework.boot.test.autoconfigure.web.client.MockRestServiceServerResetTestExecutionListener, org.springframework.boot.test.autoconfigure.web.servlet.MockMvcPrintOnlyOnFailureTestExecutionListener, org.springframework.boot.test.autoconfigure.web.servlet.WebDriverTestExecutionListener, org.springframework.boot.test.autoconfigure.webservices.client.MockWebServiceServerTestExecutionListener, org.springframework.boot.test.mock.mockito.MockitoTestExecutionListener, org.springframework.boot.test.mock.mockito.ResetMocksTestExecutionListener, org.springframework.test.context.web.ServletTestExecutionListener, org.springframework.test.context.support.DirtiesContextBeforeModesTestExecutionListener, org.springframework.test.context.event.ApplicationEventsTestExecutionListener, org.springframework.test.context.support.DependencyInjectionTestExecutionListener, org.springframework.test.context.support.DirtiesContextTestExecutionListener, org.springframework.test.context.transaction.TransactionalTestExecutionListener, org.springframework.test.context.jdbc.SqlScriptsTestExecutionListener, org.springframework.test.context.event.EventPublishingTestExecutionListener]
2022-04-13 13:52:00.927  INFO 15400 --- [    Test worker] .b.t.c.SpringBootTestContextBootstrapper : Using TestExecutionListeners: [org.springframework.test.context.web.ServletTestExecutionListener@7da837af, org.springframework.test.context.support.DirtiesContextBeforeModesTestExecutionListener@e655f9, org.springframework.test.context.event.ApplicationEventsTestExecutionListener@1c215c31, org.springframework.boot.test.mock.mockito.MockitoTestExecutionListener@7dabc2f9, org.springframework.boot.test.autoconfigure.SpringBootDependencyInjectionTestExecutionListener@418287ac, org.springframework.test.context.support.DirtiesContextTestExecutionListener@73f94bf8, org.springframework.test.context.transaction.TransactionalTestExecutionListener@65af4162, org.springframework.test.context.jdbc.SqlScriptsTestExecutionListener@46b0fb24, org.springframework.test.context.event.EventPublishingTestExecutionListener@13dabbb9, org.springframework.boot.test.autoconfigure.restdocs.RestDocsTestExecutionListener@2a4594b1, org.springframework.boot.test.autoconfigure.web.client.MockRestServiceServerResetTestExecutionListener@35fe64ca, org.springframework.boot.test.autoconfigure.web.servlet.MockMvcPrintOnlyOnFailureTestExecutionListener@74d6d08a, org.springframework.boot.test.autoconfigure.web.servlet.WebDriverTestExecutionListener@3217aada, org.springframework.boot.test.autoconfigure.webservices.client.MockWebServiceServerTestExecutionListener@34f14035, org.springframework.boot.test.mock.mockito.ResetMocksTestExecutionListener@72efba55]
]]></system-out>
  <system-err><![CDATA[]]></system-err>
</testsuite>
