<?xml version="1.0" encoding="UTF-8"?>
<testsuite name="com.bureau.controller.ProjectControllerTest" tests="2" skipped="0" failures="0" errors="0" timestamp="2022-04-13T10:51:53" hostname="LAPTOP-L2ADI7AU" time="1.01">
  <properties/>
  <testcase name="deleteProjectTest()" classname="com.bureau.controller.ProjectControllerTest" time="0.479"/>
  <testcase name="createProject()" classname="com.bureau.controller.ProjectControllerTest" time="0.53"/>
  <system-out><![CDATA[2022-04-13 13:51:53.246  INFO 15400 --- [    Test worker] .b.t.c.SpringBootTestContextBootstrapper : Neither @ContextConfiguration nor @ContextHierarchy found for test class [com.bureau.controller.ProjectControllerTest], using SpringBootContextLoader
2022-04-13 13:51:53.249  INFO 15400 --- [    Test worker] o.s.t.c.support.AbstractContextLoader    : Could not detect default resource locations for test class [com.bureau.controller.ProjectControllerTest]: no resource found for suffixes {-context.xml, Context.groovy}.
2022-04-13 13:51:53.249  INFO 15400 --- [    Test worker] t.c.s.AnnotationConfigContextLoaderUtils : Could not detect default configuration classes for test class [com.bureau.controller.ProjectControllerTest]: ProjectControllerTest does not declare any static, non-private, non-final, nested classes annotated with @Configuration.
2022-04-13 13:51:53.252  INFO 15400 --- [    Test worker] .b.t.c.SpringBootTestContextBootstrapper : Found @SpringBootConfiguration com.bureau.Application for test class com.bureau.controller.ProjectControllerTest
2022-04-13 13:51:53.255  INFO 15400 --- [    Test worker] .b.t.c.SpringBootTestContextBootstrapper : Loaded default TestExecutionListener class names from location [META-INF/spring.factories]: [org.springframework.boot.test.autoconfigure.restdocs.RestDocsTestExecutionListener, org.springframework.boot.test.autoconfigure.web.client.MockRestServiceServerResetTestExecutionListener, org.springframework.boot.test.autoconfigure.web.servlet.MockMvcPrintOnlyOnFailureTestExecutionListener, org.springframework.boot.test.autoconfigure.web.servlet.WebDriverTestExecutionListener, org.springframework.boot.test.autoconfigure.webservices.client.MockWebServiceServerTestExecutionListener, org.springframework.boot.test.mock.mockito.MockitoTestExecutionListener, org.springframework.boot.test.mock.mockito.ResetMocksTestExecutionListener, org.springframework.test.context.web.ServletTestExecutionListener, org.springframework.test.context.support.DirtiesContextBeforeModesTestExecutionListener, org.springframework.test.context.event.ApplicationEventsTestExecutionListener, org.springframework.test.context.support.DependencyInjectionTestExecutionListener, org.springframework.test.context.support.DirtiesContextTestExecutionListener, org.springframework.test.context.transaction.TransactionalTestExecutionListener, org.springframework.test.context.jdbc.SqlScriptsTestExecutionListener, org.springframework.test.context.event.EventPublishingTestExecutionListener]
2022-04-13 13:51:53.259  INFO 15400 --- [    Test worker] .b.t.c.SpringBootTestContextBootstrapper : Using TestExecutionListeners: [org.springframework.test.context.web.ServletTestExecutionListener@5bf9c995, org.springframework.test.context.support.DirtiesContextBeforeModesTestExecutionListener@3200f6e5, org.springframework.test.context.event.ApplicationEventsTestExecutionListener@1703b09a, org.springframework.boot.test.mock.mockito.MockitoTestExecutionListener@64476bb5, org.springframework.boot.test.autoconfigure.SpringBootDependencyInjectionTestExecutionListener@71e7b3c9, org.springframework.test.context.support.DirtiesContextTestExecutionListener@4465d4ce, org.springframework.test.context.transaction.TransactionalTestExecutionListener@4e683bb8, org.springframework.test.context.jdbc.SqlScriptsTestExecutionListener@112dfb03, org.springframework.test.context.event.EventPublishingTestExecutionListener@5d186b14, org.springframework.boot.test.autoconfigure.restdocs.RestDocsTestExecutionListener@37b117dd, org.springframework.boot.test.autoconfigure.web.client.MockRestServiceServerResetTestExecutionListener@388b4f68, org.springframework.boot.test.autoconfigure.web.servlet.MockMvcPrintOnlyOnFailureTestExecutionListener@46805e99, org.springframework.boot.test.autoconfigure.web.servlet.WebDriverTestExecutionListener@58decd96, org.springframework.boot.test.autoconfigure.webservices.client.MockWebServiceServerTestExecutionListener@67ee26af, org.springframework.boot.test.mock.mockito.ResetMocksTestExecutionListener@57cc535]
]]></system-out>
  <system-err><![CDATA[]]></system-err>
</testsuite>
