<?xml version="1.0" encoding="UTF-8"?>
<testsuite name="com.bureau.jwt.JwtAuthFilterTest" tests="1" skipped="0" failures="0" errors="0" timestamp="2022-04-13T10:51:59" hostname="LAPTOP-L2ADI7AU" time="0.27">
  <properties/>
  <testcase name="authFilterTokenReturnsStatusOk()" classname="com.bureau.jwt.JwtAuthFilterTest" time="0.27"/>
  <system-out><![CDATA[2022-04-13 13:51:59.346  INFO 15400 --- [    Test worker] .b.t.c.SpringBootTestContextBootstrapper : Neither @ContextConfiguration nor @ContextHierarchy found for test class [com.bureau.jwt.JwtAuthFilterTest], using SpringBootContextLoader
2022-04-13 13:51:59.347  INFO 15400 --- [    Test worker] o.s.t.c.support.AbstractContextLoader    : Could not detect default resource locations for test class [com.bureau.jwt.JwtAuthFilterTest]: no resource found for suffixes {-context.xml, Context.groovy}.
2022-04-13 13:51:59.348  INFO 15400 --- [    Test worker] t.c.s.AnnotationConfigContextLoaderUtils : Could not detect default configuration classes for test class [com.bureau.jwt.JwtAuthFilterTest]: JwtAuthFilterTest does not declare any static, non-private, non-final, nested classes annotated with @Configuration.
2022-04-13 13:51:59.356  INFO 15400 --- [    Test worker] .b.t.c.SpringBootTestContextBootstrapper : Found @SpringBootConfiguration com.bureau.Application for test class com.bureau.jwt.JwtAuthFilterTest
2022-04-13 13:51:59.359  INFO 15400 --- [    Test worker] .b.t.c.SpringBootTestContextBootstrapper : Loaded default TestExecutionListener class names from location [META-INF/spring.factories]: [org.springframework.boot.test.autoconfigure.restdocs.RestDocsTestExecutionListener, org.springframework.boot.test.autoconfigure.web.client.MockRestServiceServerResetTestExecutionListener, org.springframework.boot.test.autoconfigure.web.servlet.MockMvcPrintOnlyOnFailureTestExecutionListener, org.springframework.boot.test.autoconfigure.web.servlet.WebDriverTestExecutionListener, org.springframework.boot.test.autoconfigure.webservices.client.MockWebServiceServerTestExecutionListener, org.springframework.boot.test.mock.mockito.MockitoTestExecutionListener, org.springframework.boot.test.mock.mockito.ResetMocksTestExecutionListener, org.springframework.test.context.web.ServletTestExecutionListener, org.springframework.test.context.support.DirtiesContextBeforeModesTestExecutionListener, org.springframework.test.context.event.ApplicationEventsTestExecutionListener, org.springframework.test.context.support.DependencyInjectionTestExecutionListener, org.springframework.test.context.support.DirtiesContextTestExecutionListener, org.springframework.test.context.transaction.TransactionalTestExecutionListener, org.springframework.test.context.jdbc.SqlScriptsTestExecutionListener, org.springframework.test.context.event.EventPublishingTestExecutionListener]
2022-04-13 13:51:59.359  INFO 15400 --- [    Test worker] .b.t.c.SpringBootTestContextBootstrapper : Using TestExecutionListeners: [org.springframework.test.context.web.ServletTestExecutionListener@1af74f3f, org.springframework.test.context.support.DirtiesContextBeforeModesTestExecutionListener@713f5a17, org.springframework.test.context.event.ApplicationEventsTestExecutionListener@15769719, org.springframework.boot.test.mock.mockito.MockitoTestExecutionListener@7ba4591, org.springframework.boot.test.autoconfigure.SpringBootDependencyInjectionTestExecutionListener@27946cee, org.springframework.test.context.support.DirtiesContextTestExecutionListener@2cf065e9, org.springframework.test.context.transaction.TransactionalTestExecutionListener@d9fe131, org.springframework.test.context.jdbc.SqlScriptsTestExecutionListener@585cbbde, org.springframework.test.context.event.EventPublishingTestExecutionListener@5c2b5f27, org.springframework.boot.test.autoconfigure.restdocs.RestDocsTestExecutionListener@73dbb666, org.springframework.boot.test.autoconfigure.web.client.MockRestServiceServerResetTestExecutionListener@1bf5745, org.springframework.boot.test.autoconfigure.web.servlet.MockMvcPrintOnlyOnFailureTestExecutionListener@3c809ee7, org.springframework.boot.test.autoconfigure.web.servlet.WebDriverTestExecutionListener@3ad43c37, org.springframework.boot.test.autoconfigure.webservices.client.MockWebServiceServerTestExecutionListener@1492d58d, org.springframework.boot.test.mock.mockito.ResetMocksTestExecutionListener@6f6cad25]
]]></system-out>
  <system-err><![CDATA[]]></system-err>
</testsuite>
