<?xml version="1.0" encoding="UTF-8"?>
<testsuite name="com.bureau.service.ProjectServiceTest" tests="1" skipped="0" failures="0" errors="0" timestamp="2022-04-13T10:52:01" hostname="LAPTOP-L2ADI7AU" time="0.221">
  <properties/>
  <testcase name="createProjectTest()" classname="com.bureau.service.ProjectServiceTest" time="0.221"/>
  <system-out><![CDATA[2022-04-13 13:52:01.159  INFO 15400 --- [    Test worker] .b.t.c.SpringBootTestContextBootstrapper : Neither @ContextConfiguration nor @ContextHierarchy found for test class [com.bureau.service.ProjectServiceTest], using SpringBootContextLoader
2022-04-13 13:52:01.161  INFO 15400 --- [    Test worker] o.s.t.c.support.AbstractContextLoader    : Could not detect default resource locations for test class [com.bureau.service.ProjectServiceTest]: no resource found for suffixes {-context.xml, Context.groovy}.
2022-04-13 13:52:01.161  INFO 15400 --- [    Test worker] t.c.s.AnnotationConfigContextLoaderUtils : Could not detect default configuration classes for test class [com.bureau.service.ProjectServiceTest]: ProjectServiceTest does not declare any static, non-private, non-final, nested classes annotated with @Configuration.
2022-04-13 13:52:01.164  INFO 15400 --- [    Test worker] .b.t.c.SpringBootTestContextBootstrapper : Found @SpringBootConfiguration com.bureau.Application for test class com.bureau.service.ProjectServiceTest
2022-04-13 13:52:01.166  INFO 15400 --- [    Test worker] .b.t.c.SpringBootTestContextBootstrapper : Loaded default TestExecutionListener class names from location [META-INF/spring.factories]: [org.springframework.boot.test.autoconfigure.restdocs.RestDocsTestExecutionListener, org.springframework.boot.test.autoconfigure.web.client.MockRestServiceServerResetTestExecutionListener, org.springframework.boot.test.autoconfigure.web.servlet.MockMvcPrintOnlyOnFailureTestExecutionListener, org.springframework.boot.test.autoconfigure.web.servlet.WebDriverTestExecutionListener, org.springframework.boot.test.autoconfigure.webservices.client.MockWebServiceServerTestExecutionListener, org.springframework.boot.test.mock.mockito.MockitoTestExecutionListener, org.springframework.boot.test.mock.mockito.ResetMocksTestExecutionListener, org.springframework.test.context.web.ServletTestExecutionListener, org.springframework.test.context.support.DirtiesContextBeforeModesTestExecutionListener, org.springframework.test.context.event.ApplicationEventsTestExecutionListener, org.springframework.test.context.support.DependencyInjectionTestExecutionListener, org.springframework.test.context.support.DirtiesContextTestExecutionListener, org.springframework.test.context.transaction.TransactionalTestExecutionListener, org.springframework.test.context.jdbc.SqlScriptsTestExecutionListener, org.springframework.test.context.event.EventPublishingTestExecutionListener]
2022-04-13 13:52:01.167  INFO 15400 --- [    Test worker] .b.t.c.SpringBootTestContextBootstrapper : Using TestExecutionListeners: [org.springframework.test.context.web.ServletTestExecutionListener@484e9fee, org.springframework.test.context.support.DirtiesContextBeforeModesTestExecutionListener@45e38356, org.springframework.test.context.event.ApplicationEventsTestExecutionListener@7882a4d8, org.springframework.boot.test.mock.mockito.MockitoTestExecutionListener@24ed4582, org.springframework.boot.test.autoconfigure.SpringBootDependencyInjectionTestExecutionListener@18601f1e, org.springframework.test.context.support.DirtiesContextTestExecutionListener@4140d677, org.springframework.test.context.transaction.TransactionalTestExecutionListener@2c890ee3, org.springframework.test.context.jdbc.SqlScriptsTestExecutionListener@62068fa5, org.springframework.test.context.event.EventPublishingTestExecutionListener@7a86e414, org.springframework.boot.test.autoconfigure.restdocs.RestDocsTestExecutionListener@3db2665d, org.springframework.boot.test.autoconfigure.web.client.MockRestServiceServerResetTestExecutionListener@59a8891e, org.springframework.boot.test.autoconfigure.web.servlet.MockMvcPrintOnlyOnFailureTestExecutionListener@f054e29, org.springframework.boot.test.autoconfigure.web.servlet.WebDriverTestExecutionListener@426ead99, org.springframework.boot.test.autoconfigure.webservices.client.MockWebServiceServerTestExecutionListener@6c40bb07, org.springframework.boot.test.mock.mockito.ResetMocksTestExecutionListener@713d2fe8]
]]></system-out>
  <system-err><![CDATA[]]></system-err>
</testsuite>
