<?xml version="1.0" encoding="UTF-8"?>
<testsuite name="com.bureau.service.UserServiceTest" tests="2" skipped="0" failures="0" errors="0" timestamp="2022-04-13T10:52:03" hostname="LAPTOP-L2ADI7AU" time="0.458">
  <properties/>
  <testcase name="changePasswordTest()" classname="com.bureau.service.UserServiceTest" time="0.32"/>
  <testcase name="getUserInfoTest()" classname="com.bureau.service.UserServiceTest" time="0.137"/>
  <system-out><![CDATA[2022-04-13 13:52:03.526  INFO 15400 --- [    Test worker] .b.t.c.SpringBootTestContextBootstrapper : Neither @ContextConfiguration nor @ContextHierarchy found for test class [com.bureau.service.UserServiceTest], using SpringBootContextLoader
2022-04-13 13:52:03.528  INFO 15400 --- [    Test worker] o.s.t.c.support.AbstractContextLoader    : Could not detect default resource locations for test class [com.bureau.service.UserServiceTest]: no resource found for suffixes {-context.xml, Context.groovy}.
2022-04-13 13:52:03.528  INFO 15400 --- [    Test worker] t.c.s.AnnotationConfigContextLoaderUtils : Could not detect default configuration classes for test class [com.bureau.service.UserServiceTest]: UserServiceTest does not declare any static, non-private, non-final, nested classes annotated with @Configuration.
2022-04-13 13:52:03.539  INFO 15400 --- [    Test worker] .b.t.c.SpringBootTestContextBootstrapper : Found @SpringBootConfiguration com.bureau.Application for test class com.bureau.service.UserServiceTest
2022-04-13 13:52:03.541  INFO 15400 --- [    Test worker] .b.t.c.SpringBootTestContextBootstrapper : Loaded default TestExecutionListener class names from location [META-INF/spring.factories]: [org.springframework.boot.test.autoconfigure.restdocs.RestDocsTestExecutionListener, org.springframework.boot.test.autoconfigure.web.client.MockRestServiceServerResetTestExecutionListener, org.springframework.boot.test.autoconfigure.web.servlet.MockMvcPrintOnlyOnFailureTestExecutionListener, org.springframework.boot.test.autoconfigure.web.servlet.WebDriverTestExecutionListener, org.springframework.boot.test.autoconfigure.webservices.client.MockWebServiceServerTestExecutionListener, org.springframework.boot.test.mock.mockito.MockitoTestExecutionListener, org.springframework.boot.test.mock.mockito.ResetMocksTestExecutionListener, org.springframework.test.context.web.ServletTestExecutionListener, org.springframework.test.context.support.DirtiesContextBeforeModesTestExecutionListener, org.springframework.test.context.event.ApplicationEventsTestExecutionListener, org.springframework.test.context.support.DependencyInjectionTestExecutionListener, org.springframework.test.context.support.DirtiesContextTestExecutionListener, org.springframework.test.context.transaction.TransactionalTestExecutionListener, org.springframework.test.context.jdbc.SqlScriptsTestExecutionListener, org.springframework.test.context.event.EventPublishingTestExecutionListener]
2022-04-13 13:52:03.545  INFO 15400 --- [    Test worker] .b.t.c.SpringBootTestContextBootstrapper : Using TestExecutionListeners: [org.springframework.test.context.web.ServletTestExecutionListener@38aca984, org.springframework.test.context.support.DirtiesContextBeforeModesTestExecutionListener@8179cad, org.springframework.test.context.event.ApplicationEventsTestExecutionListener@6b7ded28, org.springframework.boot.test.mock.mockito.MockitoTestExecutionListener@65ec6337, org.springframework.boot.test.autoconfigure.SpringBootDependencyInjectionTestExecutionListener@38511687, org.springframework.test.context.support.DirtiesContextTestExecutionListener@c1707d4, org.springframework.test.context.transaction.TransactionalTestExecutionListener@807bfd3, org.springframework.test.context.jdbc.SqlScriptsTestExecutionListener@e74903f, org.springframework.test.context.event.EventPublishingTestExecutionListener@3ea14a58, org.springframework.boot.test.autoconfigure.restdocs.RestDocsTestExecutionListener@a3cd3ff, org.springframework.boot.test.autoconfigure.web.client.MockRestServiceServerResetTestExecutionListener@3ff00c4c, org.springframework.boot.test.autoconfigure.web.servlet.MockMvcPrintOnlyOnFailureTestExecutionListener@152f96e5, org.springframework.boot.test.autoconfigure.web.servlet.WebDriverTestExecutionListener@2168ed92, org.springframework.boot.test.autoconfigure.webservices.client.MockWebServiceServerTestExecutionListener@4d27716b, org.springframework.boot.test.mock.mockito.ResetMocksTestExecutionListener@720a86ef]
]]></system-out>
  <system-err><![CDATA[]]></system-err>
</testsuite>
