<?xml version="1.0" encoding="UTF-8"?>
<testsuite name="com.bureau.service.UserDetailsServiceTest" tests="2" skipped="0" failures="0" errors="0" timestamp="2022-04-13T10:52:02" hostname="LAPTOP-L2ADI7AU" time="0.037">
  <properties/>
  <testcase name="findByUsernameIfNotExist()" classname="com.bureau.service.UserDetailsServiceTest" time="0.031"/>
  <testcase name="findByExistUsername()" classname="com.bureau.service.UserDetailsServiceTest" time="0.005"/>
  <system-out><![CDATA[]]></system-out>
  <system-err><![CDATA[]]></system-err>
</testsuite>
