<?xml version="1.0" encoding="UTF-8"?>
<testsuite name="com.bureau.controller.ProjectTypeControllerTest" tests="4" skipped="0" failures="0" errors="0" timestamp="2022-04-13T10:51:54" hostname="LAPTOP-L2ADI7AU" time="1.225">
  <properties/>
  <testcase name="createTypeReturnsOk()" classname="com.bureau.controller.ProjectTypeControllerTest" time="0.331"/>
  <testcase name="deleteTypeReturnsOk()" classname="com.bureau.controller.ProjectTypeControllerTest" time="0.287"/>
  <testcase name="updateTypeReturnsOk()" classname="com.bureau.controller.ProjectTypeControllerTest" time="0.311"/>
  <testcase name="findPageReturnsOk()" classname="com.bureau.controller.ProjectTypeControllerTest" time="0.292"/>
  <system-out><![CDATA[2022-04-13 13:51:54.279  INFO 15400 --- [    Test worker] .b.t.c.SpringBootTestContextBootstrapper : Neither @ContextConfiguration nor @ContextHierarchy found for test class [com.bureau.controller.ProjectTypeControllerTest], using SpringBootContextLoader
2022-04-13 13:51:54.280  INFO 15400 --- [    Test worker] o.s.t.c.support.AbstractContextLoader    : Could not detect default resource locations for test class [com.bureau.controller.ProjectTypeControllerTest]: no resource found for suffixes {-context.xml, Context.groovy}.
2022-04-13 13:51:54.281  INFO 15400 --- [    Test worker] t.c.s.AnnotationConfigContextLoaderUtils : Could not detect default configuration classes for test class [com.bureau.controller.ProjectTypeControllerTest]: ProjectTypeControllerTest does not declare any static, non-private, non-final, nested classes annotated with @Configuration.
2022-04-13 13:51:54.284  INFO 15400 --- [    Test worker] .b.t.c.SpringBootTestContextBootstrapper : Found @SpringBootConfiguration com.bureau.Application for test class com.bureau.controller.ProjectTypeControllerTest
2022-04-13 13:51:54.287  INFO 15400 --- [    Test worker] .b.t.c.SpringBootTestContextBootstrapper : Loaded default TestExecutionListener class names from location [META-INF/spring.factories]: [org.springframework.boot.test.autoconfigure.restdocs.RestDocsTestExecutionListener, org.springframework.boot.test.autoconfigure.web.client.MockRestServiceServerResetTestExecutionListener, org.springframework.boot.test.autoconfigure.web.servlet.MockMvcPrintOnlyOnFailureTestExecutionListener, org.springframework.boot.test.autoconfigure.web.servlet.WebDriverTestExecutionListener, org.springframework.boot.test.autoconfigure.webservices.client.MockWebServiceServerTestExecutionListener, org.springframework.boot.test.mock.mockito.MockitoTestExecutionListener, org.springframework.boot.test.mock.mockito.ResetMocksTestExecutionListener, org.springframework.test.context.web.ServletTestExecutionListener, org.springframework.test.context.support.DirtiesContextBeforeModesTestExecutionListener, org.springframework.test.context.event.ApplicationEventsTestExecutionListener, org.springframework.test.context.support.DependencyInjectionTestExecutionListener, org.springframework.test.context.support.DirtiesContextTestExecutionListener, org.springframework.test.context.transaction.TransactionalTestExecutionListener, org.springframework.test.context.jdbc.SqlScriptsTestExecutionListener, org.springframework.test.context.event.EventPublishingTestExecutionListener]
2022-04-13 13:51:54.288  INFO 15400 --- [    Test worker] .b.t.c.SpringBootTestContextBootstrapper : Using TestExecutionListeners: [org.springframework.test.context.web.ServletTestExecutionListener@52602c48, org.springframework.test.context.support.DirtiesContextBeforeModesTestExecutionListener@78c7a736, org.springframework.test.context.event.ApplicationEventsTestExecutionListener@1dabeb92, org.springframework.boot.test.mock.mockito.MockitoTestExecutionListener@6fe27001, org.springframework.boot.test.autoconfigure.SpringBootDependencyInjectionTestExecutionListener@3cb303d9, org.springframework.test.context.support.DirtiesContextTestExecutionListener@7988fd6e, org.springframework.test.context.transaction.TransactionalTestExecutionListener@3b3d7eb6, org.springframework.test.context.jdbc.SqlScriptsTestExecutionListener@47a363a8, org.springframework.test.context.event.EventPublishingTestExecutionListener@632a1d4e, org.springframework.boot.test.autoconfigure.restdocs.RestDocsTestExecutionListener@5d77efc8, org.springframework.boot.test.autoconfigure.web.client.MockRestServiceServerResetTestExecutionListener@d6ff21e, org.springframework.boot.test.autoconfigure.web.servlet.MockMvcPrintOnlyOnFailureTestExecutionListener@510d6e38, org.springframework.boot.test.autoconfigure.web.servlet.WebDriverTestExecutionListener@627ed93a, org.springframework.boot.test.autoconfigure.webservices.client.MockWebServiceServerTestExecutionListener@157312, org.springframework.boot.test.mock.mockito.ResetMocksTestExecutionListener@72988e0c]
]]></system-out>
  <system-err><![CDATA[]]></system-err>
</testsuite>
