<?xml version="1.0" encoding="UTF-8"?>
<testsuite name="com.bureau.service.UserDetailsTest" tests="6" skipped="0" failures="0" errors="0" timestamp="2022-04-13T10:52:02" hostname="LAPTOP-L2ADI7AU" time="0.896">
  <properties/>
  <testcase name="isCredentialsNonExpiredReturnTrue()" classname="com.bureau.service.UserDetailsTest" time="0.187"/>
  <testcase name="isAccountNonExpiredReturnTrue()" classname="com.bureau.service.UserDetailsTest" time="0.142"/>
  <testcase name="isAccountNonLockedReturnTrue()" classname="com.bureau.service.UserDetailsTest" time="0.165"/>
  <testcase name="getUserAuthoritiesReturnAuthorities()" classname="com.bureau.service.UserDetailsTest" time="0.129"/>
  <testcase name="gettersTest()" classname="com.bureau.service.UserDetailsTest" time="0.136"/>
  <testcase name="isEnabledReturnTrue()" classname="com.bureau.service.UserDetailsTest" time="0.132"/>
  <system-out><![CDATA[2022-04-13 13:52:02.607  INFO 15400 --- [    Test worker] .b.t.c.SpringBootTestContextBootstrapper : Neither @ContextConfiguration nor @ContextHierarchy found for test class [com.bureau.service.UserDetailsTest], using SpringBootContextLoader
2022-04-13 13:52:02.609  INFO 15400 --- [    Test worker] o.s.t.c.support.AbstractContextLoader    : Could not detect default resource locations for test class [com.bureau.service.UserDetailsTest]: no resource found for suffixes {-context.xml, Context.groovy}.
2022-04-13 13:52:02.609  INFO 15400 --- [    Test worker] t.c.s.AnnotationConfigContextLoaderUtils : Could not detect default configuration classes for test class [com.bureau.service.UserDetailsTest]: UserDetailsTest does not declare any static, non-private, non-final, nested classes annotated with @Configuration.
2022-04-13 13:52:02.614  INFO 15400 --- [    Test worker] .b.t.c.SpringBootTestContextBootstrapper : Found @SpringBootConfiguration com.bureau.Application for test class com.bureau.service.UserDetailsTest
2022-04-13 13:52:02.618  INFO 15400 --- [    Test worker] .b.t.c.SpringBootTestContextBootstrapper : Loaded default TestExecutionListener class names from location [META-INF/spring.factories]: [org.springframework.boot.test.autoconfigure.restdocs.RestDocsTestExecutionListener, org.springframework.boot.test.autoconfigure.web.client.MockRestServiceServerResetTestExecutionListener, org.springframework.boot.test.autoconfigure.web.servlet.MockMvcPrintOnlyOnFailureTestExecutionListener, org.springframework.boot.test.autoconfigure.web.servlet.WebDriverTestExecutionListener, org.springframework.boot.test.autoconfigure.webservices.client.MockWebServiceServerTestExecutionListener, org.springframework.boot.test.mock.mockito.MockitoTestExecutionListener, org.springframework.boot.test.mock.mockito.ResetMocksTestExecutionListener, org.springframework.test.context.web.ServletTestExecutionListener, org.springframework.test.context.support.DirtiesContextBeforeModesTestExecutionListener, org.springframework.test.context.event.ApplicationEventsTestExecutionListener, org.springframework.test.context.support.DependencyInjectionTestExecutionListener, org.springframework.test.context.support.DirtiesContextTestExecutionListener, org.springframework.test.context.transaction.TransactionalTestExecutionListener, org.springframework.test.context.jdbc.SqlScriptsTestExecutionListener, org.springframework.test.context.event.EventPublishingTestExecutionListener]
2022-04-13 13:52:02.619  INFO 15400 --- [    Test worker] .b.t.c.SpringBootTestContextBootstrapper : Using TestExecutionListeners: [org.springframework.test.context.web.ServletTestExecutionListener@52c14891, org.springframework.test.context.support.DirtiesContextBeforeModesTestExecutionListener@14ea1252, org.springframework.test.context.event.ApplicationEventsTestExecutionListener@4f1545bd, org.springframework.boot.test.mock.mockito.MockitoTestExecutionListener@56ddb317, org.springframework.boot.test.autoconfigure.SpringBootDependencyInjectionTestExecutionListener@e80fc9d, org.springframework.test.context.support.DirtiesContextTestExecutionListener@4abc179d, org.springframework.test.context.transaction.TransactionalTestExecutionListener@2fe19bda, org.springframework.test.context.jdbc.SqlScriptsTestExecutionListener@141fc03a, org.springframework.test.context.event.EventPublishingTestExecutionListener@1df2b230, org.springframework.boot.test.autoconfigure.restdocs.RestDocsTestExecutionListener@37d85eec, org.springframework.boot.test.autoconfigure.web.client.MockRestServiceServerResetTestExecutionListener@14443c86, org.springframework.boot.test.autoconfigure.web.servlet.MockMvcPrintOnlyOnFailureTestExecutionListener@7eb03024, org.springframework.boot.test.autoconfigure.web.servlet.WebDriverTestExecutionListener@76db7ef0, org.springframework.boot.test.autoconfigure.webservices.client.MockWebServiceServerTestExecutionListener@38171f9, org.springframework.boot.test.mock.mockito.ResetMocksTestExecutionListener@3614cd03]
]]></system-out>
  <system-err><![CDATA[]]></system-err>
</testsuite>
