<?xml version="1.0" encoding="UTF-8"?>
<testsuite name="com.bureau.controller.UserControllerTest" tests="2" skipped="0" failures="0" errors="0" timestamp="2022-04-13T10:51:58" hostname="LAPTOP-L2ADI7AU" time="0.692">
  <properties/>
  <testcase name="getUserInfoReturnsStatusOk()" classname="com.bureau.controller.UserControllerTest" time="0.304"/>
  <testcase name="changePasswordReturnsStatusOk()" classname="com.bureau.controller.UserControllerTest" time="0.387"/>
  <system-out><![CDATA[2022-04-13 13:51:58.637  INFO 15400 --- [    Test worker] .b.t.c.SpringBootTestContextBootstrapper : Neither @ContextConfiguration nor @ContextHierarchy found for test class [com.bureau.controller.UserControllerTest], using SpringBootContextLoader
2022-04-13 13:51:58.638  INFO 15400 --- [    Test worker] o.s.t.c.support.AbstractContextLoader    : Could not detect default resource locations for test class [com.bureau.controller.UserControllerTest]: no resource found for suffixes {-context.xml, Context.groovy}.
2022-04-13 13:51:58.639  INFO 15400 --- [    Test worker] t.c.s.AnnotationConfigContextLoaderUtils : Could not detect default configuration classes for test class [com.bureau.controller.UserControllerTest]: UserControllerTest does not declare any static, non-private, non-final, nested classes annotated with @Configuration.
2022-04-13 13:51:58.641  INFO 15400 --- [    Test worker] .b.t.c.SpringBootTestContextBootstrapper : Found @SpringBootConfiguration com.bureau.Application for test class com.bureau.controller.UserControllerTest
2022-04-13 13:51:58.644  INFO 15400 --- [    Test worker] .b.t.c.SpringBootTestContextBootstrapper : Loaded default TestExecutionListener class names from location [META-INF/spring.factories]: [org.springframework.boot.test.autoconfigure.restdocs.RestDocsTestExecutionListener, org.springframework.boot.test.autoconfigure.web.client.MockRestServiceServerResetTestExecutionListener, org.springframework.boot.test.autoconfigure.web.servlet.MockMvcPrintOnlyOnFailureTestExecutionListener, org.springframework.boot.test.autoconfigure.web.servlet.WebDriverTestExecutionListener, org.springframework.boot.test.autoconfigure.webservices.client.MockWebServiceServerTestExecutionListener, org.springframework.boot.test.mock.mockito.MockitoTestExecutionListener, org.springframework.boot.test.mock.mockito.ResetMocksTestExecutionListener, org.springframework.test.context.web.ServletTestExecutionListener, org.springframework.test.context.support.DirtiesContextBeforeModesTestExecutionListener, org.springframework.test.context.event.ApplicationEventsTestExecutionListener, org.springframework.test.context.support.DependencyInjectionTestExecutionListener, org.springframework.test.context.support.DirtiesContextTestExecutionListener, org.springframework.test.context.transaction.TransactionalTestExecutionListener, org.springframework.test.context.jdbc.SqlScriptsTestExecutionListener, org.springframework.test.context.event.EventPublishingTestExecutionListener]
2022-04-13 13:51:58.644  INFO 15400 --- [    Test worker] .b.t.c.SpringBootTestContextBootstrapper : Using TestExecutionListeners: [org.springframework.test.context.web.ServletTestExecutionListener@1fc48b16, org.springframework.test.context.support.DirtiesContextBeforeModesTestExecutionListener@63c5a25d, org.springframework.test.context.event.ApplicationEventsTestExecutionListener@2e408d5a, org.springframework.boot.test.mock.mockito.MockitoTestExecutionListener@52a2c66, org.springframework.boot.test.autoconfigure.SpringBootDependencyInjectionTestExecutionListener@3e8d8bee, org.springframework.test.context.support.DirtiesContextTestExecutionListener@70141128, org.springframework.test.context.transaction.TransactionalTestExecutionListener@5a14682d, org.springframework.test.context.jdbc.SqlScriptsTestExecutionListener@e093615, org.springframework.test.context.event.EventPublishingTestExecutionListener@5c891ec1, org.springframework.boot.test.autoconfigure.restdocs.RestDocsTestExecutionListener@cc4d929, org.springframework.boot.test.autoconfigure.web.client.MockRestServiceServerResetTestExecutionListener@75689d9c, org.springframework.boot.test.autoconfigure.web.servlet.MockMvcPrintOnlyOnFailureTestExecutionListener@3296b4ba, org.springframework.boot.test.autoconfigure.web.servlet.WebDriverTestExecutionListener@26fddb3f, org.springframework.boot.test.autoconfigure.webservices.client.MockWebServiceServerTestExecutionListener@c5a4358, org.springframework.boot.test.mock.mockito.ResetMocksTestExecutionListener@3defab32]
]]></system-out>
  <system-err><![CDATA[]]></system-err>
</testsuite>
