<?xml version="1.0" encoding="UTF-8"?>
<testsuite name="com.bureau.controller.CityControllerTest" tests="4" skipped="0" failures="0" errors="0" timestamp="2022-04-13T10:51:51" hostname="LAPTOP-L2ADI7AU" time="1.36">
  <properties/>
  <testcase name="deleteCityReturnsOk()" classname="com.bureau.controller.CityControllerTest" time="0.364"/>
  <testcase name="updateCityReturnsOk()" classname="com.bureau.controller.CityControllerTest" time="0.365"/>
  <testcase name="createCityReturnsOk()" classname="com.bureau.controller.CityControllerTest" time="0.303"/>
  <testcase name="findPageTest()" classname="com.bureau.controller.CityControllerTest" time="0.322"/>
  <system-out><![CDATA[2022-04-13 13:51:51.866  INFO 15400 --- [    Test worker] .b.t.c.SpringBootTestContextBootstrapper : Neither @ContextConfiguration nor @ContextHierarchy found for test class [com.bureau.controller.CityControllerTest], using SpringBootContextLoader
2022-04-13 13:51:51.867  INFO 15400 --- [    Test worker] o.s.t.c.support.AbstractContextLoader    : Could not detect default resource locations for test class [com.bureau.controller.CityControllerTest]: no resource found for suffixes {-context.xml, Context.groovy}.
2022-04-13 13:51:51.868  INFO 15400 --- [    Test worker] t.c.s.AnnotationConfigContextLoaderUtils : Could not detect default configuration classes for test class [com.bureau.controller.CityControllerTest]: CityControllerTest does not declare any static, non-private, non-final, nested classes annotated with @Configuration.
2022-04-13 13:51:51.871  INFO 15400 --- [    Test worker] .b.t.c.SpringBootTestContextBootstrapper : Found @SpringBootConfiguration com.bureau.Application for test class com.bureau.controller.CityControllerTest
2022-04-13 13:51:51.874  INFO 15400 --- [    Test worker] .b.t.c.SpringBootTestContextBootstrapper : Loaded default TestExecutionListener class names from location [META-INF/spring.factories]: [org.springframework.boot.test.autoconfigure.restdocs.RestDocsTestExecutionListener, org.springframework.boot.test.autoconfigure.web.client.MockRestServiceServerResetTestExecutionListener, org.springframework.boot.test.autoconfigure.web.servlet.MockMvcPrintOnlyOnFailureTestExecutionListener, org.springframework.boot.test.autoconfigure.web.servlet.WebDriverTestExecutionListener, org.springframework.boot.test.autoconfigure.webservices.client.MockWebServiceServerTestExecutionListener, org.springframework.boot.test.mock.mockito.MockitoTestExecutionListener, org.springframework.boot.test.mock.mockito.ResetMocksTestExecutionListener, org.springframework.test.context.web.ServletTestExecutionListener, org.springframework.test.context.support.DirtiesContextBeforeModesTestExecutionListener, org.springframework.test.context.event.ApplicationEventsTestExecutionListener, org.springframework.test.context.support.DependencyInjectionTestExecutionListener, org.springframework.test.context.support.DirtiesContextTestExecutionListener, org.springframework.test.context.transaction.TransactionalTestExecutionListener, org.springframework.test.context.jdbc.SqlScriptsTestExecutionListener, org.springframework.test.context.event.EventPublishingTestExecutionListener]
2022-04-13 13:51:51.874  INFO 15400 --- [    Test worker] .b.t.c.SpringBootTestContextBootstrapper : Using TestExecutionListeners: [org.springframework.test.context.web.ServletTestExecutionListener@bc4419c, org.springframework.test.context.support.DirtiesContextBeforeModesTestExecutionListener@55d683cb, org.springframework.test.context.event.ApplicationEventsTestExecutionListener@4a3c683d, org.springframework.boot.test.mock.mockito.MockitoTestExecutionListener@1791040d, org.springframework.boot.test.autoconfigure.SpringBootDependencyInjectionTestExecutionListener@3e706fc2, org.springframework.test.context.support.DirtiesContextTestExecutionListener@5f597b1c, org.springframework.test.context.transaction.TransactionalTestExecutionListener@760d9d4a, org.springframework.test.context.jdbc.SqlScriptsTestExecutionListener@69235eea, org.springframework.test.context.event.EventPublishingTestExecutionListener@54902273, org.springframework.boot.test.autoconfigure.restdocs.RestDocsTestExecutionListener@40052266, org.springframework.boot.test.autoconfigure.web.client.MockRestServiceServerResetTestExecutionListener@5a7810e1, org.springframework.boot.test.autoconfigure.web.servlet.MockMvcPrintOnlyOnFailureTestExecutionListener@29dfc14a, org.springframework.boot.test.autoconfigure.web.servlet.WebDriverTestExecutionListener@7c09fdb8, org.springframework.boot.test.autoconfigure.webservices.client.MockWebServiceServerTestExecutionListener@15f6f64d, org.springframework.boot.test.mock.mockito.ResetMocksTestExecutionListener@f93030a]
]]></system-out>
  <system-err><![CDATA[]]></system-err>
</testsuite>
