<?xml version="1.0" encoding="UTF-8"?>
<testsuite name="com.bureau.controller.UserAdminControllerTest" tests="8" skipped="0" failures="0" errors="0" timestamp="2022-04-13T10:51:55" hostname="LAPTOP-L2ADI7AU" time="3.1">
  <properties/>
  <testcase name="createUserReturnsOk()" classname="com.bureau.controller.UserAdminControllerTest" time="0.444"/>
  <testcase name="changePasswordReturnsOk()" classname="com.bureau.controller.UserAdminControllerTest" time="0.51"/>
  <testcase name="getOneReturnsNotFound()" classname="com.bureau.controller.UserAdminControllerTest" time="0.273"/>
  <testcase name="deleteTodoItemTest()" classname="com.bureau.controller.UserAdminControllerTest" time="0.359"/>
  <testcase name="createUserWithExistEmail()" classname="com.bureau.controller.UserAdminControllerTest" time="0.36"/>
  <testcase name="findAllReturnsOk()" classname="com.bureau.controller.UserAdminControllerTest" time="0.374"/>
  <testcase name="updateUserReturnsOk()" classname="com.bureau.controller.UserAdminControllerTest" time="0.374"/>
  <testcase name="getOneReturnsOk()" classname="com.bureau.controller.UserAdminControllerTest" time="0.396"/>
  <system-out><![CDATA[2022-04-13 13:51:55.520  INFO 15400 --- [    Test worker] .b.t.c.SpringBootTestContextBootstrapper : Neither @ContextConfiguration nor @ContextHierarchy found for test class [com.bureau.controller.UserAdminControllerTest], using SpringBootContextLoader
2022-04-13 13:51:55.522  INFO 15400 --- [    Test worker] o.s.t.c.support.AbstractContextLoader    : Could not detect default resource locations for test class [com.bureau.controller.UserAdminControllerTest]: no resource found for suffixes {-context.xml, Context.groovy}.
2022-04-13 13:51:55.522  INFO 15400 --- [    Test worker] t.c.s.AnnotationConfigContextLoaderUtils : Could not detect default configuration classes for test class [com.bureau.controller.UserAdminControllerTest]: UserAdminControllerTest does not declare any static, non-private, non-final, nested classes annotated with @Configuration.
2022-04-13 13:51:55.524  INFO 15400 --- [    Test worker] .b.t.c.SpringBootTestContextBootstrapper : Found @SpringBootConfiguration com.bureau.Application for test class com.bureau.controller.UserAdminControllerTest
2022-04-13 13:51:55.527  INFO 15400 --- [    Test worker] .b.t.c.SpringBootTestContextBootstrapper : Loaded default TestExecutionListener class names from location [META-INF/spring.factories]: [org.springframework.boot.test.autoconfigure.restdocs.RestDocsTestExecutionListener, org.springframework.boot.test.autoconfigure.web.client.MockRestServiceServerResetTestExecutionListener, org.springframework.boot.test.autoconfigure.web.servlet.MockMvcPrintOnlyOnFailureTestExecutionListener, org.springframework.boot.test.autoconfigure.web.servlet.WebDriverTestExecutionListener, org.springframework.boot.test.autoconfigure.webservices.client.MockWebServiceServerTestExecutionListener, org.springframework.boot.test.mock.mockito.MockitoTestExecutionListener, org.springframework.boot.test.mock.mockito.ResetMocksTestExecutionListener, org.springframework.test.context.web.ServletTestExecutionListener, org.springframework.test.context.support.DirtiesContextBeforeModesTestExecutionListener, org.springframework.test.context.event.ApplicationEventsTestExecutionListener, org.springframework.test.context.support.DependencyInjectionTestExecutionListener, org.springframework.test.context.support.DirtiesContextTestExecutionListener, org.springframework.test.context.transaction.TransactionalTestExecutionListener, org.springframework.test.context.jdbc.SqlScriptsTestExecutionListener, org.springframework.test.context.event.EventPublishingTestExecutionListener]
2022-04-13 13:51:55.528  INFO 15400 --- [    Test worker] .b.t.c.SpringBootTestContextBootstrapper : Using TestExecutionListeners: [org.springframework.test.context.web.ServletTestExecutionListener@3dd1f392, org.springframework.test.context.support.DirtiesContextBeforeModesTestExecutionListener@4faaf13a, org.springframework.test.context.event.ApplicationEventsTestExecutionListener@514ee14c, org.springframework.boot.test.mock.mockito.MockitoTestExecutionListener@27a22ab0, org.springframework.boot.test.autoconfigure.SpringBootDependencyInjectionTestExecutionListener@155d00b5, org.springframework.test.context.support.DirtiesContextTestExecutionListener@de61005, org.springframework.test.context.transaction.TransactionalTestExecutionListener@2b84d474, org.springframework.test.context.jdbc.SqlScriptsTestExecutionListener@1d458c1e, org.springframework.test.context.event.EventPublishingTestExecutionListener@60607fab, org.springframework.boot.test.autoconfigure.restdocs.RestDocsTestExecutionListener@5d3b2d9a, org.springframework.boot.test.autoconfigure.web.client.MockRestServiceServerResetTestExecutionListener@5011753d, org.springframework.boot.test.autoconfigure.web.servlet.MockMvcPrintOnlyOnFailureTestExecutionListener@6105265d, org.springframework.boot.test.autoconfigure.web.servlet.WebDriverTestExecutionListener@2fb90f1, org.springframework.boot.test.autoconfigure.webservices.client.MockWebServiceServerTestExecutionListener@6283ac9, org.springframework.boot.test.mock.mockito.ResetMocksTestExecutionListener@5d4b0fac]
]]></system-out>
  <system-err><![CDATA[]]></system-err>
</testsuite>
