<?xml version="1.0" encoding="UTF-8"?>
<testsuite name="com.bureau.service.UserAdminServiceIntegrationTest" tests="3" skipped="0" failures="0" errors="0" timestamp="2022-04-13T10:52:01" hostname="LAPTOP-L2ADI7AU" time="0.54">
  <properties/>
  <testcase name="checkEmailExistTest()" classname="com.bureau.service.UserAdminServiceIntegrationTest" time="0.176"/>
  <testcase name="checkUsernameExistTest()" classname="com.bureau.service.UserAdminServiceIntegrationTest" time="0.196"/>
  <testcase name="createUserTest()" classname="com.bureau.service.UserAdminServiceIntegrationTest" time="0.166"/>
  <system-out><![CDATA[2022-04-13 13:52:01.691  INFO 15400 --- [    Test worker] .b.t.c.SpringBootTestContextBootstrapper : Neither @ContextConfiguration nor @ContextHierarchy found for test class [com.bureau.service.UserAdminServiceIntegrationTest], using SpringBootContextLoader
2022-04-13 13:52:01.693  INFO 15400 --- [    Test worker] o.s.t.c.support.AbstractContextLoader    : Could not detect default resource locations for test class [com.bureau.service.UserAdminServiceIntegrationTest]: no resource found for suffixes {-context.xml, Context.groovy}.
2022-04-13 13:52:01.693  INFO 15400 --- [    Test worker] t.c.s.AnnotationConfigContextLoaderUtils : Could not detect default configuration classes for test class [com.bureau.service.UserAdminServiceIntegrationTest]: UserAdminServiceIntegrationTest does not declare any static, non-private, non-final, nested classes annotated with @Configuration.
2022-04-13 13:52:01.696  INFO 15400 --- [    Test worker] .b.t.c.SpringBootTestContextBootstrapper : Found @SpringBootConfiguration com.bureau.Application for test class com.bureau.service.UserAdminServiceIntegrationTest
2022-04-13 13:52:01.699  INFO 15400 --- [    Test worker] .b.t.c.SpringBootTestContextBootstrapper : Loaded default TestExecutionListener class names from location [META-INF/spring.factories]: [org.springframework.boot.test.autoconfigure.restdocs.RestDocsTestExecutionListener, org.springframework.boot.test.autoconfigure.web.client.MockRestServiceServerResetTestExecutionListener, org.springframework.boot.test.autoconfigure.web.servlet.MockMvcPrintOnlyOnFailureTestExecutionListener, org.springframework.boot.test.autoconfigure.web.servlet.WebDriverTestExecutionListener, org.springframework.boot.test.autoconfigure.webservices.client.MockWebServiceServerTestExecutionListener, org.springframework.boot.test.mock.mockito.MockitoTestExecutionListener, org.springframework.boot.test.mock.mockito.ResetMocksTestExecutionListener, org.springframework.test.context.web.ServletTestExecutionListener, org.springframework.test.context.support.DirtiesContextBeforeModesTestExecutionListener, org.springframework.test.context.event.ApplicationEventsTestExecutionListener, org.springframework.test.context.support.DependencyInjectionTestExecutionListener, org.springframework.test.context.support.DirtiesContextTestExecutionListener, org.springframework.test.context.transaction.TransactionalTestExecutionListener, org.springframework.test.context.jdbc.SqlScriptsTestExecutionListener, org.springframework.test.context.event.EventPublishingTestExecutionListener]
2022-04-13 13:52:01.699  INFO 15400 --- [    Test worker] .b.t.c.SpringBootTestContextBootstrapper : Using TestExecutionListeners: [org.springframework.test.context.web.ServletTestExecutionListener@129f4465, org.springframework.test.context.support.DirtiesContextBeforeModesTestExecutionListener@3eb999b2, org.springframework.test.context.event.ApplicationEventsTestExecutionListener@459d81f1, org.springframework.boot.test.mock.mockito.MockitoTestExecutionListener@68ac7598, org.springframework.boot.test.autoconfigure.SpringBootDependencyInjectionTestExecutionListener@78a884, org.springframework.test.context.support.DirtiesContextTestExecutionListener@727ed530, org.springframework.test.context.transaction.TransactionalTestExecutionListener@5bc54087, org.springframework.test.context.jdbc.SqlScriptsTestExecutionListener@50cefed2, org.springframework.test.context.event.EventPublishingTestExecutionListener@153740c7, org.springframework.boot.test.autoconfigure.restdocs.RestDocsTestExecutionListener@1164d004, org.springframework.boot.test.autoconfigure.web.client.MockRestServiceServerResetTestExecutionListener@60d46bd7, org.springframework.boot.test.autoconfigure.web.servlet.MockMvcPrintOnlyOnFailureTestExecutionListener@47cb3171, org.springframework.boot.test.autoconfigure.web.servlet.WebDriverTestExecutionListener@68d57037, org.springframework.boot.test.autoconfigure.webservices.client.MockWebServiceServerTestExecutionListener@5f0669d9, org.springframework.boot.test.mock.mockito.ResetMocksTestExecutionListener@1c4f3b3d]
]]></system-out>
  <system-err><![CDATA[]]></system-err>
</testsuite>
