<?xml version="1.0" encoding="UTF-8"?>
<testsuite name="com.bureau.repository.UserRepositoryTest" tests="4" skipped="0" failures="0" errors="0" timestamp="2022-04-13T10:52:00" hostname="LAPTOP-L2ADI7AU" time="0.585">
  <properties/>
  <testcase name="existByUsernameReturnsTrue()" classname="com.bureau.repository.UserRepositoryTest" time="0.126"/>
  <testcase name="findAll()" classname="com.bureau.repository.UserRepositoryTest" time="0.152"/>
  <testcase name="findByUsernameReturnsUser()" classname="com.bureau.repository.UserRepositoryTest" time="0.146"/>
  <testcase name="existByEmailReturnsTrue()" classname="com.bureau.repository.UserRepositoryTest" time="0.158"/>
  <system-out><![CDATA[2022-04-13 13:52:00.303  INFO 15400 --- [    Test worker] .b.t.c.SpringBootTestContextBootstrapper : Neither @ContextConfiguration nor @ContextHierarchy found for test class [com.bureau.repository.UserRepositoryTest], using SpringBootContextLoader
2022-04-13 13:52:00.304  INFO 15400 --- [    Test worker] o.s.t.c.support.AbstractContextLoader    : Could not detect default resource locations for test class [com.bureau.repository.UserRepositoryTest]: no resource found for suffixes {-context.xml, Context.groovy}.
2022-04-13 13:52:00.304  INFO 15400 --- [    Test worker] t.c.s.AnnotationConfigContextLoaderUtils : Could not detect default configuration classes for test class [com.bureau.repository.UserRepositoryTest]: UserRepositoryTest does not declare any static, non-private, non-final, nested classes annotated with @Configuration.
2022-04-13 13:52:00.312  INFO 15400 --- [    Test worker] .b.t.c.SpringBootTestContextBootstrapper : Found @SpringBootConfiguration com.bureau.Application for test class com.bureau.repository.UserRepositoryTest
2022-04-13 13:52:00.315  INFO 15400 --- [    Test worker] .b.t.c.SpringBootTestContextBootstrapper : Loaded default TestExecutionListener class names from location [META-INF/spring.factories]: [org.springframework.boot.test.autoconfigure.restdocs.RestDocsTestExecutionListener, org.springframework.boot.test.autoconfigure.web.client.MockRestServiceServerResetTestExecutionListener, org.springframework.boot.test.autoconfigure.web.servlet.MockMvcPrintOnlyOnFailureTestExecutionListener, org.springframework.boot.test.autoconfigure.web.servlet.WebDriverTestExecutionListener, org.springframework.boot.test.autoconfigure.webservices.client.MockWebServiceServerTestExecutionListener, org.springframework.boot.test.mock.mockito.MockitoTestExecutionListener, org.springframework.boot.test.mock.mockito.ResetMocksTestExecutionListener, org.springframework.test.context.web.ServletTestExecutionListener, org.springframework.test.context.support.DirtiesContextBeforeModesTestExecutionListener, org.springframework.test.context.event.ApplicationEventsTestExecutionListener, org.springframework.test.context.support.DependencyInjectionTestExecutionListener, org.springframework.test.context.support.DirtiesContextTestExecutionListener, org.springframework.test.context.transaction.TransactionalTestExecutionListener, org.springframework.test.context.jdbc.SqlScriptsTestExecutionListener, org.springframework.test.context.event.EventPublishingTestExecutionListener]
2022-04-13 13:52:00.316  INFO 15400 --- [    Test worker] .b.t.c.SpringBootTestContextBootstrapper : Using TestExecutionListeners: [org.springframework.test.context.web.ServletTestExecutionListener@4f8d7222, org.springframework.test.context.support.DirtiesContextBeforeModesTestExecutionListener@387f53cf, org.springframework.test.context.event.ApplicationEventsTestExecutionListener@2cda8be9, org.springframework.boot.test.mock.mockito.MockitoTestExecutionListener@698cc99d, org.springframework.boot.test.autoconfigure.SpringBootDependencyInjectionTestExecutionListener@4d34baec, org.springframework.test.context.support.DirtiesContextTestExecutionListener@f9769ae, org.springframework.test.context.transaction.TransactionalTestExecutionListener@776a3e76, org.springframework.test.context.jdbc.SqlScriptsTestExecutionListener@78a5c127, org.springframework.test.context.event.EventPublishingTestExecutionListener@102ee705, org.springframework.boot.test.autoconfigure.restdocs.RestDocsTestExecutionListener@24c036b7, org.springframework.boot.test.autoconfigure.web.client.MockRestServiceServerResetTestExecutionListener@2ff35d7, org.springframework.boot.test.autoconfigure.web.servlet.MockMvcPrintOnlyOnFailureTestExecutionListener@54856056, org.springframework.boot.test.autoconfigure.web.servlet.WebDriverTestExecutionListener@3374a30c, org.springframework.boot.test.autoconfigure.webservices.client.MockWebServiceServerTestExecutionListener@16a45e5b, org.springframework.boot.test.mock.mockito.ResetMocksTestExecutionListener@6d0e90d5]
]]></system-out>
  <system-err><![CDATA[]]></system-err>
</testsuite>
